Your RubyGems version (3.0.3.1) has a bug that prevents `required_ruby_version` from working for Bundler. Any scripts that use `gem install bundler` will break as soon as Bundler drops support for your Ruby version. Please upgrade RubyGems to avoid future breakage and silence this warning by running `gem update --system 3.2.3`
Fetching gem metadata from https://rubygems.org/...........
Resolving dependencies...
Fetching public_suffix 5.1.1
Fetching eventmachine 1.2.7
Fetching ffi 1.17.4
Fetching google-protobuf 3.23.4 (arm64-darwin)
Fetching colorator 1.1.0
Fetching concurrent-ruby 1.3.6
Fetching forwardable-extended 2.6.0
Fetching http_parser.rb 0.8.1
Installing colorator 1.1.0
Installing forwardable-extended 2.6.0
Installing public_suffix 5.1.1
Installing http_parser.rb 0.8.1 with native extensions
Installing eventmachine 1.2.7 with native extensions
Installing concurrent-ruby 1.3.6
Installing ffi 1.17.4 with native extensions
Installing google-protobuf 3.23.4 (arm64-darwin)
Fetching logger 1.7.0
Fetching rb-fsevent 0.11.2
Fetching rexml 3.4.4
Installing logger 1.7.0
Installing rb-fsevent 0.11.2
Installing rexml 3.4.4
Fetching liquid 4.0.4
Installing liquid 4.0.4
Fetching mercenary 0.4.0
Installing mercenary 0.4.0
Fetching rouge 3.30.0
Installing rouge 3.30.0
Fetching safe_yaml 1.0.5
Installing safe_yaml 1.0.5
Fetching unicode-display_width 2.6.0
Installing unicode-display_width 2.6.0
Fetching webrick 1.9.2
Installing webrick 1.9.2
Fetching pathutil 0.16.2
Fetching addressable 2.9.0
Installing pathutil 0.16.2
Installing addressable 2.9.0
Fetching sass-embedded 1.58.3 (arm64-darwin)
Fetching kramdown 2.5.2
Fetching terminal-table 3.0.2
Installing kramdown 2.5.2
Installing terminal-table 3.0.2
Fetching i18n 1.14.8
Installing sass-embedded 1.58.3 (arm64-darwin)
Installing i18n 1.14.8
Fetching jekyll-sass-converter 3.0.0
Installing jekyll-sass-converter 3.0.0
Fetching kramdown-parser-gfm 1.1.0
Installing kramdown-parser-gfm 1.1.0
Fetching rb-inotify 0.11.1
Installing rb-inotify 0.11.1
Fetching listen 3.10.0
Installing listen 3.10.0
Fetching jekyll-watch 2.2.1
Installing jekyll-watch 2.2.1
Fetching em-websocket 0.5.3
Installing em-websocket 0.5.3
Fetching jekyll 4.3.4
Installing jekyll 4.3.4
Fetching jekyll-feed 0.17.0
Fetching jekyll-seo-tag 2.9.0
Installing jekyll-feed 0.17.0
Installing jekyll-seo-tag 2.9.0
Bundle complete! 4 Gemfile dependencies, 33 gems now installed.
Bundled gems are installed into `./vendor/bundle`
