Your RubyGems version (3.0.3.1) has a bug that prevents `required_ruby_version` from working for Bundler. Any scripts that use `gem install bundler` will break as soon as Bundler drops support for your Ruby version. Please upgrade RubyGems to avoid future breakage and silence this warning by running `gem update --system 3.2.3`
/Users/mmjesu6/Desktop/evento/webBoda/docs/vendor/bundle/ruby/2.6.0/gems/liquid-4.0.4/lib/liquid.rb:52:in `require': Interrupt
	from /Users/mmjesu6/Desktop/evento/webBoda/docs/vendor/bundle/ruby/2.6.0/gems/liquid-4.0.4/lib/liquid.rb:52:in `<top (required)>'
	from /Users/mmjesu6/Desktop/evento/webBoda/docs/vendor/bundle/ruby/2.6.0/gems/jekyll-4.3.4/lib/jekyll.rb:35:in `require'
	from /Users/mmjesu6/Desktop/evento/webBoda/docs/vendor/bundle/ruby/2.6.0/gems/jekyll-4.3.4/lib/jekyll.rb:35:in `<top (required)>'
	from /Users/mmjesu6/Desktop/evento/webBoda/docs/vendor/bundle/ruby/2.6.0/gems/jekyll-4.3.4/exe/jekyll:8:in `require'
	from /Users/mmjesu6/Desktop/evento/webBoda/docs/vendor/bundle/ruby/2.6.0/gems/jekyll-4.3.4/exe/jekyll:8:in `<top (required)>'
	from /Users/mmjesu6/Desktop/evento/webBoda/docs/vendor/bundle/ruby/2.6.0/bin/jekyll:23:in `load'
	from /Users/mmjesu6/Desktop/evento/webBoda/docs/vendor/bundle/ruby/2.6.0/bin/jekyll:23:in `<top (required)>'
	from /Users/mmjesu6/.gem/ruby/2.6.0/gems/bundler-2.4.22/lib/bundler/cli/exec.rb:58:in `load'
	from /Users/mmjesu6/.gem/ruby/2.6.0/gems/bundler-2.4.22/lib/bundler/cli/exec.rb:58:in `kernel_load'
	from /Users/mmjesu6/.gem/ruby/2.6.0/gems/bundler-2.4.22/lib/bundler/cli/exec.rb:23:in `run'
	from /Users/mmjesu6/.gem/ruby/2.6.0/gems/bundler-2.4.22/lib/bundler/cli.rb:492:in `exec'
	from /Users/mmjesu6/.gem/ruby/2.6.0/gems/bundler-2.4.22/lib/bundler/vendor/thor/lib/thor/command.rb:28:in `run'
	from /Users/mmjesu6/.gem/ruby/2.6.0/gems/bundler-2.4.22/lib/bundler/vendor/thor/lib/thor/invocation.rb:127:in `invoke_command'
	from /Users/mmjesu6/.gem/ruby/2.6.0/gems/bundler-2.4.22/lib/bundler/vendor/thor/lib/thor.rb:527:in `dispatch'
	from /Users/mmjesu6/.gem/ruby/2.6.0/gems/bundler-2.4.22/lib/bundler/cli.rb:34:in `dispatch'
	from /Users/mmjesu6/.gem/ruby/2.6.0/gems/bundler-2.4.22/lib/bundler/vendor/thor/lib/thor/base.rb:584:in `start'
	from /Users/mmjesu6/.gem/ruby/2.6.0/gems/bundler-2.4.22/lib/bundler/cli.rb:28:in `start'
	from /Users/mmjesu6/.gem/ruby/2.6.0/gems/bundler-2.4.22/exe/bundle:37:in `block in <top (required)>'
	from /Users/mmjesu6/.gem/ruby/2.6.0/gems/bundler-2.4.22/lib/bundler/friendly_errors.rb:117:in `with_friendly_errors'
	from /Users/mmjesu6/.gem/ruby/2.6.0/gems/bundler-2.4.22/exe/bundle:29:in `<top (required)>'
	from /Users/mmjesu6/.gem/ruby/2.6.0/bin/bundle:23:in `load'
	from /Users/mmjesu6/.gem/ruby/2.6.0/bin/bundle:23:in `<main>'
